
Cell sky130_fd_sc_hd__decap_6 disconnected node: VGND
Cell sky130_fd_sc_hd__decap_6 disconnected node: VNB
Cell sky130_fd_sc_hd__decap_6 disconnected node: VPB
Cell sky130_fd_sc_hd__decap_6 disconnected node: VPWR
Warning: Equate pins:  cell sky130_fd_sc_hd__decap_6 has no definition, treated as a black box.

Subcircuit pins:
Circuit 1: sky130_fd_sc_hd__decap_6        |Circuit 2: sky130_fd_sc_hd__decap_6        
-------------------------------------------|-------------------------------------------
VGND                                       |VGND                                       
VNB                                        |VNB                                        
VPB                                        |VPB                                        
VPWR                                       |VPWR                                       
---------------------------------------------------------------------------------------
Cell pin lists are equivalent.
Device classes sky130_fd_sc_hd__decap_6 and sky130_fd_sc_hd__decap_6 are equivalent.

Cell sky130_fd_sc_hd__decap_4 disconnected node: VGND
Cell sky130_fd_sc_hd__decap_4 disconnected node: VNB
Cell sky130_fd_sc_hd__decap_4 disconnected node: VPB
Cell sky130_fd_sc_hd__decap_4 disconnected node: VPWR
Warning: Equate pins:  cell sky130_fd_sc_hd__decap_4 has no definition, treated as a black box.

Subcircuit pins:
Circuit 1: sky130_fd_sc_hd__decap_4        |Circuit 2: sky130_fd_sc_hd__decap_4        
-------------------------------------------|-------------------------------------------
VGND                                       |VGND                                       
VNB                                        |VNB                                        
VPB                                        |VPB                                        
VPWR                                       |VPWR                                       
---------------------------------------------------------------------------------------
Cell pin lists are equivalent.
Device classes sky130_fd_sc_hd__decap_4 and sky130_fd_sc_hd__decap_4 are equivalent.

Cell sky130_fd_sc_hd__decap_8 disconnected node: VGND
Cell sky130_fd_sc_hd__decap_8 disconnected node: VNB
Cell sky130_fd_sc_hd__decap_8 disconnected node: VPB
Cell sky130_fd_sc_hd__decap_8 disconnected node: VPWR
Warning: Equate pins:  cell sky130_fd_sc_hd__decap_8 has no definition, treated as a black box.

Subcircuit pins:
Circuit 1: sky130_fd_sc_hd__decap_8        |Circuit 2: sky130_fd_sc_hd__decap_8        
-------------------------------------------|-------------------------------------------
VGND                                       |VGND                                       
VNB                                        |VNB                                        
VPB                                        |VPB                                        
VPWR                                       |VPWR                                       
---------------------------------------------------------------------------------------
Cell pin lists are equivalent.
Device classes sky130_fd_sc_hd__decap_8 and sky130_fd_sc_hd__decap_8 are equivalent.

Cell sky130_fd_sc_hd__clkbuf_2 disconnected node: A
Cell sky130_fd_sc_hd__clkbuf_2 disconnected node: VGND
Cell sky130_fd_sc_hd__clkbuf_2 disconnected node: VNB
Cell sky130_fd_sc_hd__clkbuf_2 disconnected node: VPB
Cell sky130_fd_sc_hd__clkbuf_2 disconnected node: VPWR
Cell sky130_fd_sc_hd__clkbuf_2 disconnected node: X
Warning: Equate pins:  cell sky130_fd_sc_hd__clkbuf_2 has no definition, treated as a black box.

Subcircuit pins:
Circuit 1: sky130_fd_sc_hd__clkbuf_2       |Circuit 2: sky130_fd_sc_hd__clkbuf_2       
-------------------------------------------|-------------------------------------------
A                                          |A                                          
VGND                                       |VGND                                       
VNB                                        |VNB                                        
VPB                                        |VPB                                        
VPWR                                       |VPWR                                       
X                                          |X                                          
---------------------------------------------------------------------------------------
Cell pin lists are equivalent.
Device classes sky130_fd_sc_hd__clkbuf_2 and sky130_fd_sc_hd__clkbuf_2 are equivalent.

Cell sky130_fd_sc_hd__fill_1 disconnected node: VGND
Cell sky130_fd_sc_hd__fill_1 disconnected node: VNB
Cell sky130_fd_sc_hd__fill_1 disconnected node: VPB
Cell sky130_fd_sc_hd__fill_1 disconnected node: VPWR
Warning: Equate pins:  cell sky130_fd_sc_hd__fill_1 has no definition, treated as a black box.

Subcircuit pins:
Circuit 1: sky130_fd_sc_hd__fill_1         |Circuit 2: sky130_fd_sc_hd__fill_1         
-------------------------------------------|-------------------------------------------
VGND                                       |VGND                                       
VNB                                        |VNB                                        
VPB                                        |VPB                                        
VPWR                                       |VPWR                                       
---------------------------------------------------------------------------------------
Cell pin lists are equivalent.
Device classes sky130_fd_sc_hd__fill_1 and sky130_fd_sc_hd__fill_1 are equivalent.

Cell sky130_fd_sc_hd__or3_4 disconnected node: A
Cell sky130_fd_sc_hd__or3_4 disconnected node: B
Cell sky130_fd_sc_hd__or3_4 disconnected node: C
Cell sky130_fd_sc_hd__or3_4 disconnected node: VGND
Cell sky130_fd_sc_hd__or3_4 disconnected node: VNB
Cell sky130_fd_sc_hd__or3_4 disconnected node: VPB
Cell sky130_fd_sc_hd__or3_4 disconnected node: VPWR
Cell sky130_fd_sc_hd__or3_4 disconnected node: X
Warning: Equate pins:  cell sky130_fd_sc_hd__or3_4 has no definition, treated as a black box.

Subcircuit pins:
Circuit 1: sky130_fd_sc_hd__or3_4          |Circuit 2: sky130_fd_sc_hd__or3_4          
-------------------------------------------|-------------------------------------------
A                                          |A                                          
B                                          |B                                          
C                                          |C                                          
VGND                                       |VGND                                       
VNB                                        |VNB                                        
VPB                                        |VPB                                        
VPWR                                       |VPWR                                       
X                                          |X                                          
---------------------------------------------------------------------------------------
Cell pin lists are equivalent.
Device classes sky130_fd_sc_hd__or3_4 and sky130_fd_sc_hd__or3_4 are equivalent.

Cell sky130_fd_sc_hd__dfxtp_1 disconnected node: CLK
Cell sky130_fd_sc_hd__dfxtp_1 disconnected node: D
Cell sky130_fd_sc_hd__dfxtp_1 disconnected node: VGND
Cell sky130_fd_sc_hd__dfxtp_1 disconnected node: VNB
Cell sky130_fd_sc_hd__dfxtp_1 disconnected node: VPB
Cell sky130_fd_sc_hd__dfxtp_1 disconnected node: VPWR
Cell sky130_fd_sc_hd__dfxtp_1 disconnected node: Q
Warning: Equate pins:  cell sky130_fd_sc_hd__dfxtp_1 has no definition, treated as a black box.

Subcircuit pins:
Circuit 1: sky130_fd_sc_hd__dfxtp_1        |Circuit 2: sky130_fd_sc_hd__dfxtp_1        
-------------------------------------------|-------------------------------------------
CLK                                        |CLK                                        
D                                          |D                                          
VGND                                       |VGND                                       
VNB                                        |VNB                                        
VPB                                        |VPB                                        
VPWR                                       |VPWR                                       
Q                                          |Q                                          
---------------------------------------------------------------------------------------
Cell pin lists are equivalent.
Device classes sky130_fd_sc_hd__dfxtp_1 and sky130_fd_sc_hd__dfxtp_1 are equivalent.

Cell sky130_fd_sc_hd__a22o_1 disconnected node: A1
Cell sky130_fd_sc_hd__a22o_1 disconnected node: A2
Cell sky130_fd_sc_hd__a22o_1 disconnected node: B1
Cell sky130_fd_sc_hd__a22o_1 disconnected node: B2
Cell sky130_fd_sc_hd__a22o_1 disconnected node: VGND
Cell sky130_fd_sc_hd__a22o_1 disconnected node: VNB
Cell sky130_fd_sc_hd__a22o_1 disconnected node: VPB
Cell sky130_fd_sc_hd__a22o_1 disconnected node: VPWR
Cell sky130_fd_sc_hd__a22o_1 disconnected node: X
Warning: Equate pins:  cell sky130_fd_sc_hd__a22o_1 has no definition, treated as a black box.

Subcircuit pins:
Circuit 1: sky130_fd_sc_hd__a22o_1         |Circuit 2: sky130_fd_sc_hd__a22o_1         
-------------------------------------------|-------------------------------------------
A1                                         |A1                                         
A2                                         |A2                                         
B1                                         |B1                                         
B2                                         |B2                                         
VGND                                       |VGND                                       
VNB                                        |VNB                                        
VPB                                        |VPB                                        
VPWR                                       |VPWR                                       
X                                          |X                                          
---------------------------------------------------------------------------------------
Cell pin lists are equivalent.
Device classes sky130_fd_sc_hd__a22o_1 and sky130_fd_sc_hd__a22o_1 are equivalent.

Cell sky130_fd_sc_hd__buf_2 disconnected node: A
Cell sky130_fd_sc_hd__buf_2 disconnected node: VGND
Cell sky130_fd_sc_hd__buf_2 disconnected node: VNB
Cell sky130_fd_sc_hd__buf_2 disconnected node: VPB
Cell sky130_fd_sc_hd__buf_2 disconnected node: VPWR
Cell sky130_fd_sc_hd__buf_2 disconnected node: X
Warning: Equate pins:  cell sky130_fd_sc_hd__buf_2 has no definition, treated as a black box.

Subcircuit pins:
Circuit 1: sky130_fd_sc_hd__buf_2          |Circuit 2: sky130_fd_sc_hd__buf_2          
-------------------------------------------|-------------------------------------------
A                                          |A                                          
VGND                                       |VGND                                       
VNB                                        |VNB                                        
VPB                                        |VPB                                        
VPWR                                       |VPWR                                       
X                                          |X                                          
---------------------------------------------------------------------------------------
Cell pin lists are equivalent.
Device classes sky130_fd_sc_hd__buf_2 and sky130_fd_sc_hd__buf_2 are equivalent.

Cell sky130_fd_sc_hd__decap_12 disconnected node: VGND
Cell sky130_fd_sc_hd__decap_12 disconnected node: VNB
Cell sky130_fd_sc_hd__decap_12 disconnected node: VPB
Cell sky130_fd_sc_hd__decap_12 disconnected node: VPWR
Warning: Equate pins:  cell sky130_fd_sc_hd__decap_12 has no definition, treated as a black box.

Subcircuit pins:
Circuit 1: sky130_fd_sc_hd__decap_12       |Circuit 2: sky130_fd_sc_hd__decap_12       
-------------------------------------------|-------------------------------------------
VGND                                       |VGND                                       
VNB                                        |VNB                                        
VPB                                        |VPB                                        
VPWR                                       |VPWR                                       
---------------------------------------------------------------------------------------
Cell pin lists are equivalent.
Device classes sky130_fd_sc_hd__decap_12 and sky130_fd_sc_hd__decap_12 are equivalent.

Cell sky130_fd_sc_hd__inv_2 disconnected node: A
Cell sky130_fd_sc_hd__inv_2 disconnected node: VGND
Cell sky130_fd_sc_hd__inv_2 disconnected node: VNB
Cell sky130_fd_sc_hd__inv_2 disconnected node: VPB
Cell sky130_fd_sc_hd__inv_2 disconnected node: VPWR
Cell sky130_fd_sc_hd__inv_2 disconnected node: Y
Warning: Equate pins:  cell sky130_fd_sc_hd__inv_2 has no definition, treated as a black box.

Subcircuit pins:
Circuit 1: sky130_fd_sc_hd__inv_2          |Circuit 2: sky130_fd_sc_hd__inv_2          
-------------------------------------------|-------------------------------------------
A                                          |A                                          
VGND                                       |VGND                                       
VNB                                        |VNB                                        
VPB                                        |VPB                                        
VPWR                                       |VPWR                                       
Y                                          |Y                                          
---------------------------------------------------------------------------------------
Cell pin lists are equivalent.
Device classes sky130_fd_sc_hd__inv_2 and sky130_fd_sc_hd__inv_2 are equivalent.

Cell sky130_fd_sc_hd__or2b_1 disconnected node: A
Cell sky130_fd_sc_hd__or2b_1 disconnected node: B_N
Cell sky130_fd_sc_hd__or2b_1 disconnected node: VGND
Cell sky130_fd_sc_hd__or2b_1 disconnected node: VNB
Cell sky130_fd_sc_hd__or2b_1 disconnected node: VPB
Cell sky130_fd_sc_hd__or2b_1 disconnected node: VPWR
Cell sky130_fd_sc_hd__or2b_1 disconnected node: X
Warning: Equate pins:  cell sky130_fd_sc_hd__or2b_1 has no definition, treated as a black box.

Subcircuit pins:
Circuit 1: sky130_fd_sc_hd__or2b_1         |Circuit 2: sky130_fd_sc_hd__or2b_1         
-------------------------------------------|-------------------------------------------
A                                          |A                                          
B_N                                        |B_N                                        
VGND                                       |VGND                                       
VNB                                        |VNB                                        
VPB                                        |VPB                                        
VPWR                                       |VPWR                                       
X                                          |X                                          
---------------------------------------------------------------------------------------
Cell pin lists are equivalent.
Device classes sky130_fd_sc_hd__or2b_1 and sky130_fd_sc_hd__or2b_1 are equivalent.

Cell sky130_fd_sc_hd__tapvpwrvgnd_1 disconnected node: VGND
Cell sky130_fd_sc_hd__tapvpwrvgnd_1 disconnected node: VPWR
Warning: Equate pins:  cell sky130_fd_sc_hd__tapvpwrvgnd_1 has no definition, treated as a black box.

Subcircuit pins:
Circuit 1: sky130_fd_sc_hd__tapvpwrvgnd_1  |Circuit 2: sky130_fd_sc_hd__tapvpwrvgnd_1  
-------------------------------------------|-------------------------------------------
VGND                                       |VGND                                       
VPWR                                       |VPWR                                       
---------------------------------------------------------------------------------------
Cell pin lists are equivalent.
Device classes sky130_fd_sc_hd__tapvpwrvgnd_1 and sky130_fd_sc_hd__tapvpwrvgnd_1 are equivalent.

Cell sky130_fd_sc_hd__clkbuf_4 disconnected node: A
Cell sky130_fd_sc_hd__clkbuf_4 disconnected node: VGND
Cell sky130_fd_sc_hd__clkbuf_4 disconnected node: VNB
Cell sky130_fd_sc_hd__clkbuf_4 disconnected node: VPB
Cell sky130_fd_sc_hd__clkbuf_4 disconnected node: VPWR
Cell sky130_fd_sc_hd__clkbuf_4 disconnected node: X
Warning: Equate pins:  cell sky130_fd_sc_hd__clkbuf_4 has no definition, treated as a black box.

Subcircuit pins:
Circuit 1: sky130_fd_sc_hd__clkbuf_4       |Circuit 2: sky130_fd_sc_hd__clkbuf_4       
-------------------------------------------|-------------------------------------------
A                                          |A                                          
VGND                                       |VGND                                       
VNB                                        |VNB                                        
VPB                                        |VPB                                        
VPWR                                       |VPWR                                       
X                                          |X                                          
---------------------------------------------------------------------------------------
Cell pin lists are equivalent.
Device classes sky130_fd_sc_hd__clkbuf_4 and sky130_fd_sc_hd__clkbuf_4 are equivalent.

Cell sky130_fd_sc_hd__o221ai_4 disconnected node: A1
Cell sky130_fd_sc_hd__o221ai_4 disconnected node: A2
Cell sky130_fd_sc_hd__o221ai_4 disconnected node: B1
Cell sky130_fd_sc_hd__o221ai_4 disconnected node: B2
Cell sky130_fd_sc_hd__o221ai_4 disconnected node: C1
Cell sky130_fd_sc_hd__o221ai_4 disconnected node: VGND
Cell sky130_fd_sc_hd__o221ai_4 disconnected node: VNB
Cell sky130_fd_sc_hd__o221ai_4 disconnected node: VPB
Cell sky130_fd_sc_hd__o221ai_4 disconnected node: VPWR
Cell sky130_fd_sc_hd__o221ai_4 disconnected node: Y
Warning: Equate pins:  cell sky130_fd_sc_hd__o221ai_4 has no definition, treated as a black box.

Subcircuit pins:
Circuit 1: sky130_fd_sc_hd__o221ai_4       |Circuit 2: sky130_fd_sc_hd__o221ai_4       
-------------------------------------------|-------------------------------------------
A1                                         |A1                                         
A2                                         |A2                                         
B1                                         |B1                                         
B2                                         |B2                                         
C1                                         |C1                                         
VGND                                       |VGND                                       
VNB                                        |VNB                                        
VPB                                        |VPB                                        
VPWR                                       |VPWR                                       
Y                                          |Y                                          
---------------------------------------------------------------------------------------
Cell pin lists are equivalent.
Device classes sky130_fd_sc_hd__o221ai_4 and sky130_fd_sc_hd__o221ai_4 are equivalent.

Cell sky130_fd_sc_hd__or2_2 disconnected node: A
Cell sky130_fd_sc_hd__or2_2 disconnected node: B
Cell sky130_fd_sc_hd__or2_2 disconnected node: VGND
Cell sky130_fd_sc_hd__or2_2 disconnected node: VNB
Cell sky130_fd_sc_hd__or2_2 disconnected node: VPB
Cell sky130_fd_sc_hd__or2_2 disconnected node: VPWR
Cell sky130_fd_sc_hd__or2_2 disconnected node: X
Warning: Equate pins:  cell sky130_fd_sc_hd__or2_2 has no definition, treated as a black box.

Subcircuit pins:
Circuit 1: sky130_fd_sc_hd__or2_2          |Circuit 2: sky130_fd_sc_hd__or2_2          
-------------------------------------------|-------------------------------------------
A                                          |A                                          
B                                          |B                                          
VGND                                       |VGND                                       
VNB                                        |VNB                                        
VPB                                        |VPB                                        
VPWR                                       |VPWR                                       
X                                          |X                                          
---------------------------------------------------------------------------------------
Cell pin lists are equivalent.
Device classes sky130_fd_sc_hd__or2_2 and sky130_fd_sc_hd__or2_2 are equivalent.

Cell sky130_fd_sc_hd__fill_2 disconnected node: VGND
Cell sky130_fd_sc_hd__fill_2 disconnected node: VNB
Cell sky130_fd_sc_hd__fill_2 disconnected node: VPB
Cell sky130_fd_sc_hd__fill_2 disconnected node: VPWR
Warning: Equate pins:  cell sky130_fd_sc_hd__fill_2 has no definition, treated as a black box.

Subcircuit pins:
Circuit 1: sky130_fd_sc_hd__fill_2         |Circuit 2: sky130_fd_sc_hd__fill_2         
-------------------------------------------|-------------------------------------------
VGND                                       |VGND                                       
VNB                                        |VNB                                        
VPB                                        |VPB                                        
VPWR                                       |VPWR                                       
---------------------------------------------------------------------------------------
Cell pin lists are equivalent.
Device classes sky130_fd_sc_hd__fill_2 and sky130_fd_sc_hd__fill_2 are equivalent.

Cell sky130_fd_sc_hd__o211ai_2 disconnected node: A1
Cell sky130_fd_sc_hd__o211ai_2 disconnected node: A2
Cell sky130_fd_sc_hd__o211ai_2 disconnected node: B1
Cell sky130_fd_sc_hd__o211ai_2 disconnected node: C1
Cell sky130_fd_sc_hd__o211ai_2 disconnected node: VGND
Cell sky130_fd_sc_hd__o211ai_2 disconnected node: VNB
Cell sky130_fd_sc_hd__o211ai_2 disconnected node: VPB
Cell sky130_fd_sc_hd__o211ai_2 disconnected node: VPWR
Cell sky130_fd_sc_hd__o211ai_2 disconnected node: Y
Warning: Equate pins:  cell sky130_fd_sc_hd__o211ai_2 has no definition, treated as a black box.

Subcircuit pins:
Circuit 1: sky130_fd_sc_hd__o211ai_2       |Circuit 2: sky130_fd_sc_hd__o211ai_2       
-------------------------------------------|-------------------------------------------
A1                                         |A1                                         
A2                                         |A2                                         
B1                                         |B1                                         
C1                                         |C1                                         
VGND                                       |VGND                                       
VNB                                        |VNB                                        
VPB                                        |VPB                                        
VPWR                                       |VPWR                                       
Y                                          |Y                                          
---------------------------------------------------------------------------------------
Cell pin lists are equivalent.
Device classes sky130_fd_sc_hd__o211ai_2 and sky130_fd_sc_hd__o211ai_2 are equivalent.

Cell sky130_fd_sc_hd__clkbuf_1 disconnected node: A
Cell sky130_fd_sc_hd__clkbuf_1 disconnected node: VGND
Cell sky130_fd_sc_hd__clkbuf_1 disconnected node: VNB
Cell sky130_fd_sc_hd__clkbuf_1 disconnected node: VPB
Cell sky130_fd_sc_hd__clkbuf_1 disconnected node: VPWR
Cell sky130_fd_sc_hd__clkbuf_1 disconnected node: X
Warning: Equate pins:  cell sky130_fd_sc_hd__clkbuf_1 has no definition, treated as a black box.

Subcircuit pins:
Circuit 1: sky130_fd_sc_hd__clkbuf_1       |Circuit 2: sky130_fd_sc_hd__clkbuf_1       
-------------------------------------------|-------------------------------------------
A                                          |A                                          
VGND                                       |VGND                                       
VNB                                        |VNB                                        
VPB                                        |VPB                                        
VPWR                                       |VPWR                                       
X                                          |X                                          
---------------------------------------------------------------------------------------
Cell pin lists are equivalent.
Device classes sky130_fd_sc_hd__clkbuf_1 and sky130_fd_sc_hd__clkbuf_1 are equivalent.

Cell sky130_fd_sc_hd__decap_3 disconnected node: VGND
Cell sky130_fd_sc_hd__decap_3 disconnected node: VNB
Cell sky130_fd_sc_hd__decap_3 disconnected node: VPB
Cell sky130_fd_sc_hd__decap_3 disconnected node: VPWR
Warning: Equate pins:  cell sky130_fd_sc_hd__decap_3 has no definition, treated as a black box.

Subcircuit pins:
Circuit 1: sky130_fd_sc_hd__decap_3        |Circuit 2: sky130_fd_sc_hd__decap_3        
-------------------------------------------|-------------------------------------------
VGND                                       |VGND                                       
VNB                                        |VNB                                        
VPB                                        |VPB                                        
VPWR                                       |VPWR                                       
---------------------------------------------------------------------------------------
Cell pin lists are equivalent.
Device classes sky130_fd_sc_hd__decap_3 and sky130_fd_sc_hd__decap_3 are equivalent.

Cell sky130_fd_sc_hd__o22a_1 disconnected node: A1
Cell sky130_fd_sc_hd__o22a_1 disconnected node: A2
Cell sky130_fd_sc_hd__o22a_1 disconnected node: B1
Cell sky130_fd_sc_hd__o22a_1 disconnected node: B2
Cell sky130_fd_sc_hd__o22a_1 disconnected node: VGND
Cell sky130_fd_sc_hd__o22a_1 disconnected node: VNB
Cell sky130_fd_sc_hd__o22a_1 disconnected node: VPB
Cell sky130_fd_sc_hd__o22a_1 disconnected node: VPWR
Cell sky130_fd_sc_hd__o22a_1 disconnected node: X
Warning: Equate pins:  cell sky130_fd_sc_hd__o22a_1 has no definition, treated as a black box.

Subcircuit pins:
Circuit 1: sky130_fd_sc_hd__o22a_1         |Circuit 2: sky130_fd_sc_hd__o22a_1         
-------------------------------------------|-------------------------------------------
A1                                         |A1                                         
A2                                         |A2                                         
B1                                         |B1                                         
B2                                         |B2                                         
VGND                                       |VGND                                       
VNB                                        |VNB                                        
VPB                                        |VPB                                        
VPWR                                       |VPWR                                       
X                                          |X                                          
---------------------------------------------------------------------------------------
Cell pin lists are equivalent.
Device classes sky130_fd_sc_hd__o22a_1 and sky130_fd_sc_hd__o22a_1 are equivalent.

Cell sky130_fd_sc_hd__dfxtp_2 disconnected node: CLK
Cell sky130_fd_sc_hd__dfxtp_2 disconnected node: D
Cell sky130_fd_sc_hd__dfxtp_2 disconnected node: VGND
Cell sky130_fd_sc_hd__dfxtp_2 disconnected node: VNB
Cell sky130_fd_sc_hd__dfxtp_2 disconnected node: VPB
Cell sky130_fd_sc_hd__dfxtp_2 disconnected node: VPWR
Cell sky130_fd_sc_hd__dfxtp_2 disconnected node: Q
Warning: Equate pins:  cell sky130_fd_sc_hd__dfxtp_2 has no definition, treated as a black box.

Subcircuit pins:
Circuit 1: sky130_fd_sc_hd__dfxtp_2        |Circuit 2: sky130_fd_sc_hd__dfxtp_2        
-------------------------------------------|-------------------------------------------
CLK                                        |CLK                                        
D                                          |D                                          
VGND                                       |VGND                                       
VNB                                        |VNB                                        
VPB                                        |VPB                                        
VPWR                                       |VPWR                                       
Q                                          |Q                                          
---------------------------------------------------------------------------------------
Cell pin lists are equivalent.
Device classes sky130_fd_sc_hd__dfxtp_2 and sky130_fd_sc_hd__dfxtp_2 are equivalent.

Cell sky130_fd_sc_hd__o221a_1 disconnected node: A1
Cell sky130_fd_sc_hd__o221a_1 disconnected node: A2
Cell sky130_fd_sc_hd__o221a_1 disconnected node: B1
Cell sky130_fd_sc_hd__o221a_1 disconnected node: B2
Cell sky130_fd_sc_hd__o221a_1 disconnected node: C1
Cell sky130_fd_sc_hd__o221a_1 disconnected node: VGND
Cell sky130_fd_sc_hd__o221a_1 disconnected node: VNB
Cell sky130_fd_sc_hd__o221a_1 disconnected node: VPB
Cell sky130_fd_sc_hd__o221a_1 disconnected node: VPWR
Cell sky130_fd_sc_hd__o221a_1 disconnected node: X
Warning: Equate pins:  cell sky130_fd_sc_hd__o221a_1 has no definition, treated as a black box.

Subcircuit pins:
Circuit 1: sky130_fd_sc_hd__o221a_1        |Circuit 2: sky130_fd_sc_hd__o221a_1        
-------------------------------------------|-------------------------------------------
A1                                         |A1                                         
A2                                         |A2                                         
B1                                         |B1                                         
B2                                         |B2                                         
C1                                         |C1                                         
VGND                                       |VGND                                       
VNB                                        |VNB                                        
VPB                                        |VPB                                        
VPWR                                       |VPWR                                       
X                                          |X                                          
---------------------------------------------------------------------------------------
Cell pin lists are equivalent.
Device classes sky130_fd_sc_hd__o221a_1 and sky130_fd_sc_hd__o221a_1 are equivalent.

Cell sky130_fd_sc_hd__o221ai_2 disconnected node: A1
Cell sky130_fd_sc_hd__o221ai_2 disconnected node: A2
Cell sky130_fd_sc_hd__o221ai_2 disconnected node: B1
Cell sky130_fd_sc_hd__o221ai_2 disconnected node: B2
Cell sky130_fd_sc_hd__o221ai_2 disconnected node: C1
Cell sky130_fd_sc_hd__o221ai_2 disconnected node: VGND
Cell sky130_fd_sc_hd__o221ai_2 disconnected node: VNB
Cell sky130_fd_sc_hd__o221ai_2 disconnected node: VPB
Cell sky130_fd_sc_hd__o221ai_2 disconnected node: VPWR
Cell sky130_fd_sc_hd__o221ai_2 disconnected node: Y
Warning: Equate pins:  cell sky130_fd_sc_hd__o221ai_2 has no definition, treated as a black box.

Subcircuit pins:
Circuit 1: sky130_fd_sc_hd__o221ai_2       |Circuit 2: sky130_fd_sc_hd__o221ai_2       
-------------------------------------------|-------------------------------------------
A1                                         |A1                                         
A2                                         |A2                                         
B1                                         |B1                                         
B2                                         |B2                                         
C1                                         |C1                                         
VGND                                       |VGND                                       
VNB                                        |VNB                                        
VPB                                        |VPB                                        
VPWR                                       |VPWR                                       
Y                                          |Y                                          
---------------------------------------------------------------------------------------
Cell pin lists are equivalent.
Device classes sky130_fd_sc_hd__o221ai_2 and sky130_fd_sc_hd__o221ai_2 are equivalent.

Cell sky130_fd_sc_hd__clkbuf_16 disconnected node: A
Cell sky130_fd_sc_hd__clkbuf_16 disconnected node: VGND
Cell sky130_fd_sc_hd__clkbuf_16 disconnected node: VNB
Cell sky130_fd_sc_hd__clkbuf_16 disconnected node: VPB
Cell sky130_fd_sc_hd__clkbuf_16 disconnected node: VPWR
Cell sky130_fd_sc_hd__clkbuf_16 disconnected node: X
Warning: Equate pins:  cell sky130_fd_sc_hd__clkbuf_16 has no definition, treated as a black box.

Subcircuit pins:
Circuit 1: sky130_fd_sc_hd__clkbuf_16      |Circuit 2: sky130_fd_sc_hd__clkbuf_16      
-------------------------------------------|-------------------------------------------
A                                          |A                                          
VGND                                       |VGND                                       
VNB                                        |VNB                                        
VPB                                        |VPB                                        
VPWR                                       |VPWR                                       
X                                          |X                                          
---------------------------------------------------------------------------------------
Cell pin lists are equivalent.
Device classes sky130_fd_sc_hd__clkbuf_16 and sky130_fd_sc_hd__clkbuf_16 are equivalent.

Cell sky130_fd_sc_hd__nand2_2 disconnected node: A
Cell sky130_fd_sc_hd__nand2_2 disconnected node: B
Cell sky130_fd_sc_hd__nand2_2 disconnected node: VGND
Cell sky130_fd_sc_hd__nand2_2 disconnected node: VNB
Cell sky130_fd_sc_hd__nand2_2 disconnected node: VPB
Cell sky130_fd_sc_hd__nand2_2 disconnected node: VPWR
Cell sky130_fd_sc_hd__nand2_2 disconnected node: Y
Warning: Equate pins:  cell sky130_fd_sc_hd__nand2_2 has no definition, treated as a black box.

Subcircuit pins:
Circuit 1: sky130_fd_sc_hd__nand2_2        |Circuit 2: sky130_fd_sc_hd__nand2_2        
-------------------------------------------|-------------------------------------------
A                                          |A                                          
B                                          |B                                          
VGND                                       |VGND                                       
VNB                                        |VNB                                        
VPB                                        |VPB                                        
VPWR                                       |VPWR                                       
Y                                          |Y                                          
---------------------------------------------------------------------------------------
Cell pin lists are equivalent.
Device classes sky130_fd_sc_hd__nand2_2 and sky130_fd_sc_hd__nand2_2 are equivalent.

Cell sky130_fd_sc_hd__o211ai_1 disconnected node: A1
Cell sky130_fd_sc_hd__o211ai_1 disconnected node: A2
Cell sky130_fd_sc_hd__o211ai_1 disconnected node: B1
Cell sky130_fd_sc_hd__o211ai_1 disconnected node: C1
Cell sky130_fd_sc_hd__o211ai_1 disconnected node: VGND
Cell sky130_fd_sc_hd__o211ai_1 disconnected node: VNB
Cell sky130_fd_sc_hd__o211ai_1 disconnected node: VPB
Cell sky130_fd_sc_hd__o211ai_1 disconnected node: VPWR
Cell sky130_fd_sc_hd__o211ai_1 disconnected node: Y
Warning: Equate pins:  cell sky130_fd_sc_hd__o211ai_1 has no definition, treated as a black box.

Subcircuit pins:
Circuit 1: sky130_fd_sc_hd__o211ai_1       |Circuit 2: sky130_fd_sc_hd__o211ai_1       
-------------------------------------------|-------------------------------------------
A1                                         |A1                                         
A2                                         |A2                                         
B1                                         |B1                                         
C1                                         |C1                                         
VGND                                       |VGND                                       
VNB                                        |VNB                                        
VPB                                        |VPB                                        
VPWR                                       |VPWR                                       
Y                                          |Y                                          
---------------------------------------------------------------------------------------
Cell pin lists are equivalent.
Device classes sky130_fd_sc_hd__o211ai_1 and sky130_fd_sc_hd__o211ai_1 are equivalent.

Cell sky130_fd_sc_hd__buf_4 disconnected node: A
Cell sky130_fd_sc_hd__buf_4 disconnected node: VGND
Cell sky130_fd_sc_hd__buf_4 disconnected node: VNB
Cell sky130_fd_sc_hd__buf_4 disconnected node: VPB
Cell sky130_fd_sc_hd__buf_4 disconnected node: VPWR
Cell sky130_fd_sc_hd__buf_4 disconnected node: X
Warning: Equate pins:  cell sky130_fd_sc_hd__buf_4 has no definition, treated as a black box.

Subcircuit pins:
Circuit 1: sky130_fd_sc_hd__buf_4          |Circuit 2: sky130_fd_sc_hd__buf_4          
-------------------------------------------|-------------------------------------------
A                                          |A                                          
VGND                                       |VGND                                       
VNB                                        |VNB                                        
VPB                                        |VPB                                        
VPWR                                       |VPWR                                       
X                                          |X                                          
---------------------------------------------------------------------------------------
Cell pin lists are equivalent.
Device classes sky130_fd_sc_hd__buf_4 and sky130_fd_sc_hd__buf_4 are equivalent.

Cell sky130_fd_sc_hd__or4_4 disconnected node: A
Cell sky130_fd_sc_hd__or4_4 disconnected node: B
Cell sky130_fd_sc_hd__or4_4 disconnected node: C
Cell sky130_fd_sc_hd__or4_4 disconnected node: D
Cell sky130_fd_sc_hd__or4_4 disconnected node: VGND
Cell sky130_fd_sc_hd__or4_4 disconnected node: VNB
Cell sky130_fd_sc_hd__or4_4 disconnected node: VPB
Cell sky130_fd_sc_hd__or4_4 disconnected node: VPWR
Cell sky130_fd_sc_hd__or4_4 disconnected node: X
Warning: Equate pins:  cell sky130_fd_sc_hd__or4_4 has no definition, treated as a black box.

Subcircuit pins:
Circuit 1: sky130_fd_sc_hd__or4_4          |Circuit 2: sky130_fd_sc_hd__or4_4          
-------------------------------------------|-------------------------------------------
A                                          |A                                          
B                                          |B                                          
C                                          |C                                          
D                                          |D                                          
VGND                                       |VGND                                       
VNB                                        |VNB                                        
VPB                                        |VPB                                        
VPWR                                       |VPWR                                       
X                                          |X                                          
---------------------------------------------------------------------------------------
Cell pin lists are equivalent.
Device classes sky130_fd_sc_hd__or4_4 and sky130_fd_sc_hd__or4_4 are equivalent.

Cell sky130_fd_sc_hd__o211ai_4 disconnected node: A1
Cell sky130_fd_sc_hd__o211ai_4 disconnected node: A2
Cell sky130_fd_sc_hd__o211ai_4 disconnected node: B1
Cell sky130_fd_sc_hd__o211ai_4 disconnected node: C1
Cell sky130_fd_sc_hd__o211ai_4 disconnected node: VGND
Cell sky130_fd_sc_hd__o211ai_4 disconnected node: VNB
Cell sky130_fd_sc_hd__o211ai_4 disconnected node: VPB
Cell sky130_fd_sc_hd__o211ai_4 disconnected node: VPWR
Cell sky130_fd_sc_hd__o211ai_4 disconnected node: Y
Warning: Equate pins:  cell sky130_fd_sc_hd__o211ai_4 has no definition, treated as a black box.

Subcircuit pins:
Circuit 1: sky130_fd_sc_hd__o211ai_4       |Circuit 2: sky130_fd_sc_hd__o211ai_4       
-------------------------------------------|-------------------------------------------
A1                                         |A1                                         
A2                                         |A2                                         
B1                                         |B1                                         
C1                                         |C1                                         
VGND                                       |VGND                                       
VNB                                        |VNB                                        
VPB                                        |VPB                                        
VPWR                                       |VPWR                                       
Y                                          |Y                                          
---------------------------------------------------------------------------------------
Cell pin lists are equivalent.
Device classes sky130_fd_sc_hd__o211ai_4 and sky130_fd_sc_hd__o211ai_4 are equivalent.

Cell sky130_fd_sc_hd__buf_1 disconnected node: A
Cell sky130_fd_sc_hd__buf_1 disconnected node: VGND
Cell sky130_fd_sc_hd__buf_1 disconnected node: VNB
Cell sky130_fd_sc_hd__buf_1 disconnected node: VPB
Cell sky130_fd_sc_hd__buf_1 disconnected node: VPWR
Cell sky130_fd_sc_hd__buf_1 disconnected node: X
Warning: Equate pins:  cell sky130_fd_sc_hd__buf_1 has no definition, treated as a black box.

Subcircuit pins:
Circuit 1: sky130_fd_sc_hd__buf_1          |Circuit 2: sky130_fd_sc_hd__buf_1          
-------------------------------------------|-------------------------------------------
A                                          |A                                          
VGND                                       |VGND                                       
VNB                                        |VNB                                        
VPB                                        |VPB                                        
VPWR                                       |VPWR                                       
X                                          |X                                          
---------------------------------------------------------------------------------------
Cell pin lists are equivalent.
Device classes sky130_fd_sc_hd__buf_1 and sky130_fd_sc_hd__buf_1 are equivalent.

Cell sky130_fd_sc_hd__dlymetal6s2s_1 disconnected node: A
Cell sky130_fd_sc_hd__dlymetal6s2s_1 disconnected node: VGND
Cell sky130_fd_sc_hd__dlymetal6s2s_1 disconnected node: VNB
Cell sky130_fd_sc_hd__dlymetal6s2s_1 disconnected node: VPB
Cell sky130_fd_sc_hd__dlymetal6s2s_1 disconnected node: VPWR
Cell sky130_fd_sc_hd__dlymetal6s2s_1 disconnected node: X
Warning: Equate pins:  cell sky130_fd_sc_hd__dlymetal6s2s_1 has no definition, treated as a black box.

Subcircuit pins:
Circuit 1: sky130_fd_sc_hd__dlymetal6s2s_1 |Circuit 2: sky130_fd_sc_hd__dlymetal6s2s_1 
-------------------------------------------|-------------------------------------------
A                                          |A                                          
VGND                                       |VGND                                       
VNB                                        |VNB                                        
VPB                                        |VPB                                        
VPWR                                       |VPWR                                       
X                                          |X                                          
---------------------------------------------------------------------------------------
Cell pin lists are equivalent.
Device classes sky130_fd_sc_hd__dlymetal6s2s_1 and sky130_fd_sc_hd__dlymetal6s2s_1 are equivalent.

Cell sky130_fd_sc_hd__o221ai_1 disconnected node: A1
Cell sky130_fd_sc_hd__o221ai_1 disconnected node: A2
Cell sky130_fd_sc_hd__o221ai_1 disconnected node: B1
Cell sky130_fd_sc_hd__o221ai_1 disconnected node: B2
Cell sky130_fd_sc_hd__o221ai_1 disconnected node: C1
Cell sky130_fd_sc_hd__o221ai_1 disconnected node: VGND
Cell sky130_fd_sc_hd__o221ai_1 disconnected node: VNB
Cell sky130_fd_sc_hd__o221ai_1 disconnected node: VPB
Cell sky130_fd_sc_hd__o221ai_1 disconnected node: VPWR
Cell sky130_fd_sc_hd__o221ai_1 disconnected node: Y
Warning: Equate pins:  cell sky130_fd_sc_hd__o221ai_1 has no definition, treated as a black box.

Subcircuit pins:
Circuit 1: sky130_fd_sc_hd__o221ai_1       |Circuit 2: sky130_fd_sc_hd__o221ai_1       
-------------------------------------------|-------------------------------------------
A1                                         |A1                                         
A2                                         |A2                                         
B1                                         |B1                                         
B2                                         |B2                                         
C1                                         |C1                                         
VGND                                       |VGND                                       
VNB                                        |VNB                                        
VPB                                        |VPB                                        
VPWR                                       |VPWR                                       
Y                                          |Y                                          
---------------------------------------------------------------------------------------
Cell pin lists are equivalent.
Device classes sky130_fd_sc_hd__o221ai_1 and sky130_fd_sc_hd__o221ai_1 are equivalent.

Cell sky130_fd_sc_hd__mux2_1 disconnected node: A0
Cell sky130_fd_sc_hd__mux2_1 disconnected node: A1
Cell sky130_fd_sc_hd__mux2_1 disconnected node: S
Cell sky130_fd_sc_hd__mux2_1 disconnected node: VGND
Cell sky130_fd_sc_hd__mux2_1 disconnected node: VNB
Cell sky130_fd_sc_hd__mux2_1 disconnected node: VPB
Cell sky130_fd_sc_hd__mux2_1 disconnected node: VPWR
Cell sky130_fd_sc_hd__mux2_1 disconnected node: X
Warning: Equate pins:  cell sky130_fd_sc_hd__mux2_1 has no definition, treated as a black box.

Subcircuit pins:
Circuit 1: sky130_fd_sc_hd__mux2_1         |Circuit 2: sky130_fd_sc_hd__mux2_1         
-------------------------------------------|-------------------------------------------
A0                                         |A0                                         
A1                                         |A1                                         
S                                          |S                                          
VGND                                       |VGND                                       
VNB                                        |VNB                                        
VPB                                        |VPB                                        
VPWR                                       |VPWR                                       
X                                          |X                                          
---------------------------------------------------------------------------------------
Cell pin lists are equivalent.
Device classes sky130_fd_sc_hd__mux2_1 and sky130_fd_sc_hd__mux2_1 are equivalent.

Cell sky130_fd_sc_hd__diode_2 disconnected node: DIODE
Cell sky130_fd_sc_hd__diode_2 disconnected node: VGND
Cell sky130_fd_sc_hd__diode_2 disconnected node: VNB
Cell sky130_fd_sc_hd__diode_2 disconnected node: VPB
Cell sky130_fd_sc_hd__diode_2 disconnected node: VPWR
Warning: Equate pins:  cell sky130_fd_sc_hd__diode_2 has no definition, treated as a black box.

Subcircuit pins:
Circuit 1: sky130_fd_sc_hd__diode_2        |Circuit 2: sky130_fd_sc_hd__diode_2        
-------------------------------------------|-------------------------------------------
DIODE                                      |DIODE                                      
VGND                                       |VGND                                       
VNB                                        |VNB                                        
VPB                                        |VPB                                        
VPWR                                       |VPWR                                       
---------------------------------------------------------------------------------------
Cell pin lists are equivalent.
Device classes sky130_fd_sc_hd__diode_2 and sky130_fd_sc_hd__diode_2 are equivalent.

Cell sky130_fd_sc_hd__nor3_4 disconnected node: A
Cell sky130_fd_sc_hd__nor3_4 disconnected node: B
Cell sky130_fd_sc_hd__nor3_4 disconnected node: C
Cell sky130_fd_sc_hd__nor3_4 disconnected node: VGND
Cell sky130_fd_sc_hd__nor3_4 disconnected node: VNB
Cell sky130_fd_sc_hd__nor3_4 disconnected node: VPB
Cell sky130_fd_sc_hd__nor3_4 disconnected node: VPWR
Cell sky130_fd_sc_hd__nor3_4 disconnected node: Y
Warning: Equate pins:  cell sky130_fd_sc_hd__nor3_4 has no definition, treated as a black box.

Subcircuit pins:
Circuit 1: sky130_fd_sc_hd__nor3_4         |Circuit 2: sky130_fd_sc_hd__nor3_4         
-------------------------------------------|-------------------------------------------
A                                          |A                                          
B                                          |B                                          
C                                          |C                                          
VGND                                       |VGND                                       
VNB                                        |VNB                                        
VPB                                        |VPB                                        
VPWR                                       |VPWR                                       
Y                                          |Y                                          
---------------------------------------------------------------------------------------
Cell pin lists are equivalent.
Device classes sky130_fd_sc_hd__nor3_4 and sky130_fd_sc_hd__nor3_4 are equivalent.
Class a25_coprocessor:  Merged 1977 devices.
Class a25_coprocessor:  Merged 1977 devices.

Subcircuit summary:
Circuit 1: a25_coprocessor                 |Circuit 2: a25_coprocessor                 
-------------------------------------------|-------------------------------------------
sky130_fd_sc_hd__decap_6 (1)               |sky130_fd_sc_hd__decap_6 (1)               
sky130_fd_sc_hd__decap_4 (1)               |sky130_fd_sc_hd__decap_4 (1)               
sky130_fd_sc_hd__decap_8 (1)               |sky130_fd_sc_hd__decap_8 (1)               
sky130_fd_sc_hd__clkbuf_2 (174)            |sky130_fd_sc_hd__clkbuf_2 (174)            
sky130_fd_sc_hd__fill_1 (1)                |sky130_fd_sc_hd__fill_1 (1)                
sky130_fd_sc_hd__or3_4 (5)                 |sky130_fd_sc_hd__or3_4 (5)                 
sky130_fd_sc_hd__dfxtp_1 (148)             |sky130_fd_sc_hd__dfxtp_1 (148)             
sky130_fd_sc_hd__a22o_1 (168)              |sky130_fd_sc_hd__a22o_1 (168)              
sky130_fd_sc_hd__buf_2 (49)                |sky130_fd_sc_hd__buf_2 (49)                
sky130_fd_sc_hd__decap_12 (1)              |sky130_fd_sc_hd__decap_12 (1)              
sky130_fd_sc_hd__inv_2 (135)               |sky130_fd_sc_hd__inv_2 (135)               
sky130_fd_sc_hd__or2b_1 (13)               |sky130_fd_sc_hd__or2b_1 (13)               
sky130_fd_sc_hd__tapvpwrvgnd_1 (1)         |sky130_fd_sc_hd__tapvpwrvgnd_1 (1)         
sky130_fd_sc_hd__clkbuf_4 (6)              |sky130_fd_sc_hd__clkbuf_4 (6)              
sky130_fd_sc_hd__o221ai_4 (4)              |sky130_fd_sc_hd__o221ai_4 (4)              
sky130_fd_sc_hd__or2_2 (1)                 |sky130_fd_sc_hd__or2_2 (1)                 
sky130_fd_sc_hd__fill_2 (1)                |sky130_fd_sc_hd__fill_2 (1)                
sky130_fd_sc_hd__o211ai_2 (4)              |sky130_fd_sc_hd__o211ai_2 (4)              
sky130_fd_sc_hd__clkbuf_1 (39)             |sky130_fd_sc_hd__clkbuf_1 (39)             
sky130_fd_sc_hd__decap_3 (1)               |sky130_fd_sc_hd__decap_3 (1)               
sky130_fd_sc_hd__o22a_1 (19)               |sky130_fd_sc_hd__o22a_1 (19)               
sky130_fd_sc_hd__dfxtp_2 (23)              |sky130_fd_sc_hd__dfxtp_2 (23)              
sky130_fd_sc_hd__o221a_1 (16)              |sky130_fd_sc_hd__o221a_1 (16)              
sky130_fd_sc_hd__o221ai_2 (16)             |sky130_fd_sc_hd__o221ai_2 (16)             
sky130_fd_sc_hd__clkbuf_16 (1)             |sky130_fd_sc_hd__clkbuf_16 (1)             
sky130_fd_sc_hd__nand2_2 (1)               |sky130_fd_sc_hd__nand2_2 (1)               
sky130_fd_sc_hd__o211ai_1 (2)              |sky130_fd_sc_hd__o211ai_1 (2)              
sky130_fd_sc_hd__buf_4 (2)                 |sky130_fd_sc_hd__buf_4 (2)                 
sky130_fd_sc_hd__or4_4 (7)                 |sky130_fd_sc_hd__or4_4 (7)                 
sky130_fd_sc_hd__o211ai_4 (2)              |sky130_fd_sc_hd__o211ai_4 (2)              
sky130_fd_sc_hd__buf_1 (52)                |sky130_fd_sc_hd__buf_1 (52)                
sky130_fd_sc_hd__dlymetal6s2s_1 (2)        |sky130_fd_sc_hd__dlymetal6s2s_1 (2)        
sky130_fd_sc_hd__o221ai_1 (4)              |sky130_fd_sc_hd__o221ai_1 (4)              
sky130_fd_sc_hd__mux2_1 (3)                |sky130_fd_sc_hd__mux2_1 (3)                
sky130_fd_sc_hd__diode_2 (1)               |sky130_fd_sc_hd__diode_2 (1)               
sky130_fd_sc_hd__nor3_4 (1)                |sky130_fd_sc_hd__nor3_4 (1)                
Number of devices: 906                     |Number of devices: 906                     
Number of nets: 994                        |Number of nets: 994                        
---------------------------------------------------------------------------------------
Resolving automorphisms by property value.
Resolving automorphisms by pin name.
Netlists match uniquely.
Circuits match correctly.

Subcircuit pins:
Circuit 1: a25_coprocessor                 |Circuit 2: a25_coprocessor                 
-------------------------------------------|-------------------------------------------
i_copro_crn[0]                             |i_copro_crn[0]                             
i_copro_crn[2]                             |i_copro_crn[2]                             
i_copro_crn[3]                             |i_copro_crn[3]                             
i_copro_crm[0]                             |i_copro_crm[0]                             
i_copro_crm[1]                             |i_copro_crm[1]                             
i_copro_crm[2]                             |i_copro_crm[2]                             
i_copro_crm[3]                             |i_copro_crm[3]                             
i_copro_num[0]                             |i_copro_num[0]                             
i_copro_num[1]                             |i_copro_num[1]                             
i_copro_num[2]                             |i_copro_num[2]                             
i_copro_num[3]                             |i_copro_num[3]                             
i_copro_opcode1[0]                         |i_copro_opcode1[0]                         
i_copro_opcode1[1]                         |i_copro_opcode1[1]                         
i_copro_opcode1[2]                         |i_copro_opcode1[2]                         
i_copro_opcode2[0]                         |i_copro_opcode2[0]                         
i_copro_opcode2[1]                         |i_copro_opcode2[1]                         
i_copro_opcode2[2]                         |i_copro_opcode2[2]                         
i_copro_write_data[0]                      |i_copro_write_data[0]                      
i_copro_crn[1]                             |i_copro_crn[1]                             
i_copro_write_data[15]                     |i_copro_write_data[15]                     
i_copro_write_data[1]                      |i_copro_write_data[1]                      
i_copro_write_data[2]                      |i_copro_write_data[2]                      
i_copro_write_data[10]                     |i_copro_write_data[10]                     
i_copro_write_data[11]                     |i_copro_write_data[11]                     
i_copro_write_data[14]                     |i_copro_write_data[14]                     
i_copro_write_data[22]                     |i_copro_write_data[22]                     
i_copro_write_data[24]                     |i_copro_write_data[24]                     
i_copro_write_data[25]                     |i_copro_write_data[25]                     
i_copro_write_data[30]                     |i_copro_write_data[30]                     
i_copro_write_data[5]                      |i_copro_write_data[5]                      
i_copro_operation[0]                       |i_copro_operation[0]                       
i_copro_write_data[12]                     |i_copro_write_data[12]                     
i_copro_write_data[13]                     |i_copro_write_data[13]                     
i_copro_write_data[16]                     |i_copro_write_data[16]                     
i_copro_write_data[17]                     |i_copro_write_data[17]                     
i_copro_write_data[19]                     |i_copro_write_data[19]                     
i_copro_write_data[20]                     |i_copro_write_data[20]                     
i_copro_write_data[21]                     |i_copro_write_data[21]                     
i_copro_write_data[23]                     |i_copro_write_data[23]                     
i_copro_write_data[26]                     |i_copro_write_data[26]                     
i_copro_write_data[27]                     |i_copro_write_data[27]                     
i_copro_write_data[28]                     |i_copro_write_data[28]                     
i_copro_write_data[29]                     |i_copro_write_data[29]                     
i_copro_write_data[31]                     |i_copro_write_data[31]                     
i_copro_write_data[18]                     |i_copro_write_data[18]                     
i_copro_write_data[3]                      |i_copro_write_data[3]                      
i_copro_write_data[4]                      |i_copro_write_data[4]                      
i_copro_write_data[6]                      |i_copro_write_data[6]                      
i_copro_write_data[8]                      |i_copro_write_data[8]                      
i_copro_write_data[7]                      |i_copro_write_data[7]                      
i_copro_write_data[9]                      |i_copro_write_data[9]                      
i_core_stall                               |i_core_stall                               
i_fault_address[17]                        |i_fault_address[17]                        
i_fault_address[19]                        |i_fault_address[19]                        
i_fault_address[31]                        |i_fault_address[31]                        
i_fault_address[16]                        |i_fault_address[16]                        
i_fault_address[18]                        |i_fault_address[18]                        
i_fault_address[1]                         |i_fault_address[1]                         
i_fault_address[20]                        |i_fault_address[20]                        
i_fault_address[22]                        |i_fault_address[22]                        
i_fault_address[23]                        |i_fault_address[23]                        
i_fault_address[29]                        |i_fault_address[29]                        
i_fault_address[30]                        |i_fault_address[30]                        
i_fault_address[7]                         |i_fault_address[7]                         
i_fault_address[8]                         |i_fault_address[8]                         
i_fault_address[2]                         |i_fault_address[2]                         
i_fault_status[1]                          |i_fault_status[1]                          
i_fault_status[0]                          |i_fault_status[0]                          
i_fault_status[4]                          |i_fault_status[4]                          
i_fault_status[5]                          |i_fault_status[5]                          
i_fault                                    |i_fault                                    
i_copro_operation[1]                       |i_copro_operation[1]                       
i_fault_address[0]                         |i_fault_address[0]                         
i_fault_address[10]                        |i_fault_address[10]                        
i_fault_address[11]                        |i_fault_address[11]                        
i_fault_address[13]                        |i_fault_address[13]                        
i_fault_address[15]                        |i_fault_address[15]                        
i_fault_address[12]                        |i_fault_address[12]                        
i_fault_address[14]                        |i_fault_address[14]                        
i_fault_address[21]                        |i_fault_address[21]                        
i_fault_address[24]                        |i_fault_address[24]                        
i_fault_address[26]                        |i_fault_address[26]                        
i_fault_address[25]                        |i_fault_address[25]                        
i_fault_address[27]                        |i_fault_address[27]                        
i_fault_address[28]                        |i_fault_address[28]                        
i_fault_address[5]                         |i_fault_address[5]                         
i_fault_address[4]                         |i_fault_address[4]                         
i_fault_address[9]                         |i_fault_address[9]                         
i_fault_status[2]                          |i_fault_status[2]                          
i_fault_address[3]                         |i_fault_address[3]                         
i_fault_address[6]                         |i_fault_address[6]                         
i_fault_status[3]                          |i_fault_status[3]                          
i_fault_status[7]                          |i_fault_status[7]                          
i_fault_status[6]                          |i_fault_status[6]                          
o_cache_flush                              |o_cache_flush                              
o_cache_enable                             |o_cache_enable                             
o_cacheable_area[2]                        |o_cacheable_area[2]                        
o_cacheable_area[1]                        |o_cacheable_area[1]                        
o_cacheable_area[17]                       |o_cacheable_area[17]                       
o_cacheable_area[27]                       |o_cacheable_area[27]                       
o_cacheable_area[25]                       |o_cacheable_area[25]                       
o_cacheable_area[15]                       |o_cacheable_area[15]                       
o_cacheable_area[19]                       |o_cacheable_area[19]                       
o_cacheable_area[23]                       |o_cacheable_area[23]                       
o_cacheable_area[6]                        |o_cacheable_area[6]                        
o_cacheable_area[22]                       |o_cacheable_area[22]                       
o_cacheable_area[29]                       |o_cacheable_area[29]                       
o_cacheable_area[4]                        |o_cacheable_area[4]                        
o_cacheable_area[3]                        |o_cacheable_area[3]                        
o_cacheable_area[5]                        |o_cacheable_area[5]                        
o_cacheable_area[21]                       |o_cacheable_area[21]                       
o_cacheable_area[24]                       |o_cacheable_area[24]                       
o_cacheable_area[20]                       |o_cacheable_area[20]                       
o_cacheable_area[18]                       |o_cacheable_area[18]                       
o_cacheable_area[26]                       |o_cacheable_area[26]                       
o_cacheable_area[30]                       |o_cacheable_area[30]                       
o_cacheable_area[28]                       |o_cacheable_area[28]                       
o_cacheable_area[31]                       |o_cacheable_area[31]                       
o_cacheable_area[11]                       |o_cacheable_area[11]                       
o_cacheable_area[13]                       |o_cacheable_area[13]                       
o_cacheable_area[16]                       |o_cacheable_area[16]                       
o_cacheable_area[7]                        |o_cacheable_area[7]                        
o_cacheable_area[9]                        |o_cacheable_area[9]                        
o_cacheable_area[8]                        |o_cacheable_area[8]                        
o_cacheable_area[10]                       |o_cacheable_area[10]                       
o_cacheable_area[12]                       |o_cacheable_area[12]                       
o_cacheable_area[14]                       |o_cacheable_area[14]                       
o_cacheable_area[0]                        |o_cacheable_area[0]                        
o_copro_read_data[0]                       |o_copro_read_data[0]                       
o_copro_read_data[16]                      |o_copro_read_data[16]                      
o_copro_read_data[17]                      |o_copro_read_data[17]                      
o_copro_read_data[24]                      |o_copro_read_data[24]                      
o_copro_read_data[3]                       |o_copro_read_data[3]                       
o_copro_read_data[22]                      |o_copro_read_data[22]                      
o_copro_read_data[25]                      |o_copro_read_data[25]                      
o_copro_read_data[27]                      |o_copro_read_data[27]                      
o_copro_read_data[26]                      |o_copro_read_data[26]                      
o_copro_read_data[28]                      |o_copro_read_data[28]                      
o_copro_read_data[30]                      |o_copro_read_data[30]                      
o_copro_read_data[20]                      |o_copro_read_data[20]                      
o_copro_read_data[21]                      |o_copro_read_data[21]                      
o_copro_read_data[23]                      |o_copro_read_data[23]                      
o_copro_read_data[31]                      |o_copro_read_data[31]                      
o_copro_read_data[6]                       |o_copro_read_data[6]                       
o_copro_read_data[4]                       |o_copro_read_data[4]                       
o_copro_read_data[1]                       |o_copro_read_data[1]                       
o_copro_read_data[2]                       |o_copro_read_data[2]                       
o_copro_read_data[29]                      |o_copro_read_data[29]                      
o_copro_read_data[11]                      |o_copro_read_data[11]                      
o_copro_read_data[13]                      |o_copro_read_data[13]                      
o_copro_read_data[18]                      |o_copro_read_data[18]                      
o_copro_read_data[19]                      |o_copro_read_data[19]                      
o_copro_read_data[15]                      |o_copro_read_data[15]                      
o_copro_read_data[14]                      |o_copro_read_data[14]                      
o_copro_read_data[5]                       |o_copro_read_data[5]                       
o_copro_read_data[7]                       |o_copro_read_data[7]                       
o_copro_read_data[12]                      |o_copro_read_data[12]                      
o_copro_read_data[10]                      |o_copro_read_data[10]                      
o_copro_read_data[8]                       |o_copro_read_data[8]                       
o_copro_read_data[9]                       |o_copro_read_data[9]                       
i_clk                                      |i_clk                                      
VGND                                       |VGND                                       
VPWR                                       |VPWR                                       
---------------------------------------------------------------------------------------
Cell pin lists are equivalent.
Device classes a25_coprocessor and a25_coprocessor are equivalent.
Circuits match uniquely.
