OpenROAD 0.9.0 1415572a73
This program is licensed under the BSD-3 license. See the LICENSE file for details.
Components of this program may be licensed under more restrictive licenses which must be honored.
Notice 0: Reading LEF file:  /openLANE_flow/designs/a25_coprocessor/runs/first_trial_run/tmp/merged_unpadded.lef
Notice 0:     Created 13 technology layers
Notice 0:     Created 25 technology vias
Notice 0:     Created 440 library cells
Notice 0: Finished LEF file:  /openLANE_flow/designs/a25_coprocessor/runs/first_trial_run/tmp/merged_unpadded.lef
Notice 0: 
Reading DEF file: /openLANE_flow/designs/a25_coprocessor/runs/first_trial_run/tmp/placement/8-resizer.def
Notice 0: Design: a25_coprocessor
Notice 0:     Created 163 pins.
Notice 0:     Created 1173 components and 6984 component-terminals.
Notice 0:     Created 2 special nets and 0 connections.
Notice 0:     Created 967 nets and 2714 connections.
Notice 0: Finished DEF file: /openLANE_flow/designs/a25_coprocessor/runs/first_trial_run/tmp/placement/8-resizer.def
Design Stats
--------------------------------
total instances          1173
multi row instances         0
fixed instances           301
nets                      969
design area           15089.5 u^2
fixed area              601.8 u^2
movable area           7981.4 u^2
utilization                55 %
utilization padded         85 %
rows                       45
row height                2.7 u

[WARNING DPL-0019] detailed placement failed on _0924_
[WARNING DPL-0019] detailed placement failed on _1096_
[WARNING DPL-0019] detailed placement failed on _1048_
Placement Analysis
--------------------------------
total displacement     3771.0 u
average displacement      3.2 u
max displacement        174.4 u
original HPWL         37601.4 u
legalized HPWL        40970.1 u
delta HPWL                  9 %

[INFO DPL-0020] Mirrored 429 instances
[INFO DPL-0021] HPWL before           40970.1 u
[INFO DPL-0022] HPWL after            40297.0 u
[INFO DPL-0023] HPWL delta               -1.6 %
[WARNING DPL-0005] Overlap check failed (13).
 _0924_ overlaps _0682_
 _1034_ overlaps _0675_
 _1048_ overlaps _0542_
 _1088_ overlaps _0549_
 _1096_ overlaps _1095_
 _1104_ overlaps _0676_
 _1119_ overlaps _1038_
 _1184_ overlaps _0951_
 _1212_ overlaps _0538_
 input90 overlaps _1104_
 input91 overlaps input63
 input94 overlaps _1216_
 output108 overlaps input89
