0-prep 0h0m0s426ms
1-yosys 0h0m2s65ms
2-opensta 0h0m1s240ms
3-verilog2def_openroad 0h0m1s766ms
4-ioPlacer 0h0m1s441ms
5-tapcell 0h0m1s456ms
6-klayout_scrot 0h0m4s558ms
7-pdn 0h0m1s836ms
8-replace 0h0m7s856ms
8-resizer 0h0m7s259ms
9-write_verilog 0h0m1s452ms
10-opensta_post_resizer 0h0m1s244ms
11-opendp 0h0m1s482ms
12-klayout_scrot 0h0m4s747ms
13-cts 0h1m27s294ms
14-write_verilog 0h0m1s456ms
15-klayout_scrot 0h0m4s755ms
15-resizer_timing 0h0m6s895ms
16-write_verilog 0h0m1s437ms
17-opensta_post_resizer_timing 0h0m1s245ms
18-fastroute 0h0m8s256ms
19-addspacers 0h0m1s454ms
20-write_verilog 0h0m1s446ms
21-tritonRoute 0h0m48s874ms
22-klayout_scrot 0h0m5s79ms
23-spef_extraction 0h0m0s834ms
24-opensta_spef 0h0m1s361ms
26-write_verilog 0h0m1s498ms
28-klayout_scrot 0h0m5s90ms
31-magic_gen 0h0m7s122ms
32-klayout 0h0m4s401ms
33-klayout_scrot 0h0m5s335ms
35-klayout_scrot 0h0m5s101ms
36-klayout_xor 0h0m17s557ms
37-magic_ext_spice 0h0m2s843ms
38-lvs 0h0m0s253ms
39-magic_drc 0h0m6s252ms
41-or_antenna 0h0m1s581ms
42-cvc 0h0m0s216ms