OpenROAD 0.9.0 1415572a73
This program is licensed under the BSD-3 license. See the LICENSE file for details.
Components of this program may be licensed under more restrictive licenses which must be honored.
Notice 0: Reading LEF file:  /openLANE_flow/designs/a25_coprocessor/runs/second_trial_run/tmp/merged_unpadded.lef
Notice 0:     Created 13 technology layers
Notice 0:     Created 25 technology vias
Notice 0:     Created 440 library cells
Notice 0: Finished LEF file:  /openLANE_flow/designs/a25_coprocessor/runs/second_trial_run/tmp/merged_unpadded.lef
Notice 0: 
Reading DEF file: /openLANE_flow/designs/a25_coprocessor/runs/second_trial_run/tmp/placement/8-resizer.def
Notice 0: Design: a25_coprocessor
Notice 0:     Created 163 pins.
Notice 0:     Created 1232 components and 7122 component-terminals.
Notice 0:     Created 2 special nets and 0 connections.
Notice 0:     Created 967 nets and 2714 connections.
Notice 0: Finished DEF file: /openLANE_flow/designs/a25_coprocessor/runs/second_trial_run/tmp/placement/8-resizer.def
Design Stats
--------------------------------
total instances          1232
multi row instances         0
fixed instances           360
nets                      969
design area           18580.3 u^2
fixed area              700.7 u^2
movable area           8012.7 u^2
utilization                45 %
utilization padded         69 %
rows                       50
row height                2.7 u

Placement Analysis
--------------------------------
total displacement        0.0 u
average displacement      0.0 u
max displacement          0.0 u
original HPWL         29217.0 u
legalized HPWL        29717.4 u
delta HPWL                  2 %

[INFO DPL-0020] Mirrored 354 instances
[INFO DPL-0021] HPWL before           29717.4 u
[INFO DPL-0022] HPWL after            29217.0 u
[INFO DPL-0023] HPWL delta               -1.7 %
