CVC: Log output to /openLANE_flow/designs/a25_coprocessor/runs/second_trial_run/results/cvc/cvc_a25_coprocessor.log
CVC: Error output to /openLANE_flow/designs/a25_coprocessor/runs/second_trial_run/results/cvc/cvc_a25_coprocessor.error.gz
CVC: Debug output to /openLANE_flow/designs/a25_coprocessor/runs/second_trial_run/results/cvc/cvc_a25_coprocessor.debug.gz
CVC: Circuit Validation Check  Version 1.0.0
CVC: Start: Mon Apr 12 08:27:03 2021

Using the following parameters for CVC (Circuit Validation Check) from /openLANE_flow/scripts/cvc/sky130A/cvcrc.sky130A
CVC_TOP = 'a25_coprocessor'
CVC_NETLIST = '/openLANE_flow/designs/a25_coprocessor/runs/second_trial_run/results/cvc/a25_coprocessor.cdl'
CVC_MODE = 'a25_coprocessor'
CVC_MODEL_FILE = '/openLANE_flow/scripts/cvc/sky130A/cvc.sky130A.models'
CVC_POWER_FILE = '/openLANE_flow/designs/a25_coprocessor/runs/second_trial_run/results/cvc/a25_coprocessor.power'
CVC_FUSE_FILE = ''
CVC_REPORT_FILE = '/openLANE_flow/designs/a25_coprocessor/runs/second_trial_run/results/cvc/cvc_a25_coprocessor.log'
CVC_REPORT_TITLE = 'CVC $CVC_TOP'
CVC_CIRCUIT_ERROR_LIMIT = '100'
CVC_SEARCH_LIMIT = '100'
CVC_LEAK_LIMIT = '0.0002'
CVC_SOI = 'false'
CVC_SCRC = 'false'
CVC_VTH_GATES = 'false'
CVC_MIN_VTH_GATES = 'false'
CVC_IGNORE_VTH_FLOATING = 'false'
CVC_IGNORE_NO_LEAK_FLOATING = 'false'
CVC_LEAK_OVERVOLTAGE = 'true'
CVC_LOGIC_DIODES = 'false'
CVC_ANALOG_GATES = 'true'
CVC_BACKUP_RESULTS = 'false'
CVC_MOS_DIODE_ERROR_THRESHOLD = '0'
CVC_SHORT_ERROR_THRESHOLD = '0'
CVC_BIAS_ERROR_THRESHOLD = '0'
CVC_FORWARD_ERROR_THRESHOLD = '0'
CVC_FLOATING_ERROR_THRESHOLD = '0'
CVC_GATE_ERROR_THRESHOLD = '0'
CVC_LEAK?_ERROR_THRESHOLD = '0'
CVC_EXPECTED_ERROR_THRESHOLD = '0'
CVC_OVERVOLTAGE_ERROR_THRESHOLD = '0'
CVC_PARALLEL_CIRCUIT_PORT_LIMIT = '0'
CVC_CELL_ERROR_LIMIT_FILE = ''
CVC_CELL_CHECKSUM_FILE = ''
CVC_LARGE_CIRCUIT_SIZE = '10000000'
CVC_NET_CHECK_FILE = ''
End of parameters

CVC: Reading device model settings...
CVC: Reading power settings...
CVC: Parsing netlist /openLANE_flow/designs/a25_coprocessor/runs/second_trial_run/results/cvc/a25_coprocessor.cdl
Cdl fixed data size 61467
Usage CDL: Time: 0  Memory: 8272  I/O: 152  Swap: 0
CVC: Counting and linking...
CVC: Assigning IDs ...
Usage DB: Time: 0  Memory: 8532  I/O: 152  Swap: 0
CVC: 2884(2884) instances, 4261(4261) nets, 11090(11090) devices.
CVC: Setting models ...
Setting model tolerances...
CVC: Shorting switches...
	Shorted 0 short
Setting instance power...

ModelList> filename /openLANE_flow/scripts/cvc/sky130A/cvc.sky130A.models
 Model> nfet_01v8       5545 M->nmos       Parameters> Vth=0.2 Vds=1.8 Vgs=1.8 R=L/W*7000 Diodes> 4-1 4-3
 Model> pfet_01v8_hvt      5545 M->pmos       Parameters> Vth=-0.2 Vds=1.8 Vgs=1.8 R=L/W*7000 Diodes> 1-4 3-4
 Model> short              0 R->switch_on  Parameters>
ModelList> end

Power List> filename /openLANE_flow/designs/a25_coprocessor/runs/second_trial_run/results/cvc/a25_coprocessor.power
 VPWR power 1.8 -> 1.8 power
 VGND power 0.0 -> 0.0 power
 i_clk~>std_input input std_input -> min@0.0 max@1.8 input family(std_input;)
 i_core_stall~>std_input input std_input -> min@0.0 max@1.8 input family(std_input;)
 i_fault~>std_input input std_input -> min@0.0 max@1.8 input family(std_input;)
i_copro_crm[3:0]~>std_input input std_input
 ->i_copro_crm[0] input std_input -> min@0.0 max@1.8 input family(std_input;)
 ->i_copro_crm[1] input std_input -> min@0.0 max@1.8 input family(std_input;)
 ->i_copro_crm[2] input std_input -> min@0.0 max@1.8 input family(std_input;)
 ->i_copro_crm[3] input std_input -> min@0.0 max@1.8 input family(std_input;)
i_copro_crn[3:0]~>std_input input std_input
 ->i_copro_crn[0] input std_input -> min@0.0 max@1.8 input family(std_input;)
 ->i_copro_crn[1] input std_input -> min@0.0 max@1.8 input family(std_input;)
 ->i_copro_crn[2] input std_input -> min@0.0 max@1.8 input family(std_input;)
 ->i_copro_crn[3] input std_input -> min@0.0 max@1.8 input family(std_input;)
i_copro_num[3:0]~>std_input input std_input
 ->i_copro_num[0] input std_input -> min@0.0 max@1.8 input family(std_input;)
 ->i_copro_num[1] input std_input -> min@0.0 max@1.8 input family(std_input;)
 ->i_copro_num[2] input std_input -> min@0.0 max@1.8 input family(std_input;)
 ->i_copro_num[3] input std_input -> min@0.0 max@1.8 input family(std_input;)
i_copro_opcode1[2:0]~>std_input input std_input
 ->i_copro_opcode1[0] input std_input -> min@0.0 max@1.8 input family(std_input;)
 ->i_copro_opcode1[1] input std_input -> min@0.0 max@1.8 input family(std_input;)
 ->i_copro_opcode1[2] input std_input -> min@0.0 max@1.8 input family(std_input;)
i_copro_opcode2[2:0]~>std_input input std_input
 ->i_copro_opcode2[0] input std_input -> min@0.0 max@1.8 input family(std_input;)
 ->i_copro_opcode2[1] input std_input -> min@0.0 max@1.8 input family(std_input;)
 ->i_copro_opcode2[2] input std_input -> min@0.0 max@1.8 input family(std_input;)
i_copro_operation[1:0]~>std_input input std_input
 ->i_copro_operation[0] input std_input -> min@0.0 max@1.8 input family(std_input;)
 ->i_copro_operation[1] input std_input -> min@0.0 max@1.8 input family(std_input;)
i_copro_write_data[31:0]~>std_input input std_input
 ->i_copro_write_data[0] input std_input -> min@0.0 max@1.8 input family(std_input;)
 ->i_copro_write_data[10] input std_input -> min@0.0 max@1.8 input family(std_input;)
 ->i_copro_write_data[11] input std_input -> min@0.0 max@1.8 input family(std_input;)
 ->i_copro_write_data[12] input std_input -> min@0.0 max@1.8 input family(std_input;)
 ->i_copro_write_data[13] input std_input -> min@0.0 max@1.8 input family(std_input;)
 ->i_copro_write_data[14] input std_input -> min@0.0 max@1.8 input family(std_input;)
 ->i_copro_write_data[15] input std_input -> min@0.0 max@1.8 input family(std_input;)
 ->i_copro_write_data[16] input std_input -> min@0.0 max@1.8 input family(std_input;)
 ->i_copro_write_data[17] input std_input -> min@0.0 max@1.8 input family(std_input;)
 ->i_copro_write_data[18] input std_input -> min@0.0 max@1.8 input family(std_input;)
 ->i_copro_write_data[19] input std_input -> min@0.0 max@1.8 input family(std_input;)
 ->i_copro_write_data[1] input std_input -> min@0.0 max@1.8 input family(std_input;)
 ->i_copro_write_data[20] input std_input -> min@0.0 max@1.8 input family(std_input;)
 ->i_copro_write_data[21] input std_input -> min@0.0 max@1.8 input family(std_input;)
 ->i_copro_write_data[22] input std_input -> min@0.0 max@1.8 input family(std_input;)
 ->i_copro_write_data[23] input std_input -> min@0.0 max@1.8 input family(std_input;)
 ->i_copro_write_data[24] input std_input -> min@0.0 max@1.8 input family(std_input;)
 ->i_copro_write_data[25] input std_input -> min@0.0 max@1.8 input family(std_input;)
 ->i_copro_write_data[26] input std_input -> min@0.0 max@1.8 input family(std_input;)
 ->i_copro_write_data[27] input std_input -> min@0.0 max@1.8 input family(std_input;)
 ->i_copro_write_data[28] input std_input -> min@0.0 max@1.8 input family(std_input;)
 ->i_copro_write_data[29] input std_input -> min@0.0 max@1.8 input family(std_input;)
 ->i_copro_write_data[2] input std_input -> min@0.0 max@1.8 input family(std_input;)
 ->i_copro_write_data[30] input std_input -> min@0.0 max@1.8 input family(std_input;)
 ->i_copro_write_data[31] input std_input -> min@0.0 max@1.8 input family(std_input;)
 ->i_copro_write_data[3] input std_input -> min@0.0 max@1.8 input family(std_input;)
 ->i_copro_write_data[4] input std_input -> min@0.0 max@1.8 input family(std_input;)
 ->i_copro_write_data[5] input std_input -> min@0.0 max@1.8 input family(std_input;)
 ->i_copro_write_data[6] input std_input -> min@0.0 max@1.8 input family(std_input;)
 ->i_copro_write_data[7] input std_input -> min@0.0 max@1.8 input family(std_input;)
 ->i_copro_write_data[8] input std_input -> min@0.0 max@1.8 input family(std_input;)
 ->i_copro_write_data[9] input std_input -> min@0.0 max@1.8 input family(std_input;)
i_fault_address[31:0]~>std_input input std_input
 ->i_fault_address[0] input std_input -> min@0.0 max@1.8 input family(std_input;)
 ->i_fault_address[10] input std_input -> min@0.0 max@1.8 input family(std_input;)
 ->i_fault_address[11] input std_input -> min@0.0 max@1.8 input family(std_input;)
 ->i_fault_address[12] input std_input -> min@0.0 max@1.8 input family(std_input;)
 ->i_fault_address[13] input std_input -> min@0.0 max@1.8 input family(std_input;)
 ->i_fault_address[14] input std_input -> min@0.0 max@1.8 input family(std_input;)
 ->i_fault_address[15] input std_input -> min@0.0 max@1.8 input family(std_input;)
 ->i_fault_address[16] input std_input -> min@0.0 max@1.8 input family(std_input;)
 ->i_fault_address[17] input std_input -> min@0.0 max@1.8 input family(std_input;)
 ->i_fault_address[18] input std_input -> min@0.0 max@1.8 input family(std_input;)
 ->i_fault_address[19] input std_input -> min@0.0 max@1.8 input family(std_input;)
 ->i_fault_address[1] input std_input -> min@0.0 max@1.8 input family(std_input;)
 ->i_fault_address[20] input std_input -> min@0.0 max@1.8 input family(std_input;)
 ->i_fault_address[21] input std_input -> min@0.0 max@1.8 input family(std_input;)
 ->i_fault_address[22] input std_input -> min@0.0 max@1.8 input family(std_input;)
 ->i_fault_address[23] input std_input -> min@0.0 max@1.8 input family(std_input;)
 ->i_fault_address[24] input std_input -> min@0.0 max@1.8 input family(std_input;)
 ->i_fault_address[25] input std_input -> min@0.0 max@1.8 input family(std_input;)
 ->i_fault_address[26] input std_input -> min@0.0 max@1.8 input family(std_input;)
 ->i_fault_address[27] input std_input -> min@0.0 max@1.8 input family(std_input;)
 ->i_fault_address[28] input std_input -> min@0.0 max@1.8 input family(std_input;)
 ->i_fault_address[29] input std_input -> min@0.0 max@1.8 input family(std_input;)
 ->i_fault_address[2] input std_input -> min@0.0 max@1.8 input family(std_input;)
 ->i_fault_address[30] input std_input -> min@0.0 max@1.8 input family(std_input;)
 ->i_fault_address[31] input std_input -> min@0.0 max@1.8 input family(std_input;)
 ->i_fault_address[3] input std_input -> min@0.0 max@1.8 input family(std_input;)
 ->i_fault_address[4] input std_input -> min@0.0 max@1.8 input family(std_input;)
 ->i_fault_address[5] input std_input -> min@0.0 max@1.8 input family(std_input;)
 ->i_fault_address[6] input std_input -> min@0.0 max@1.8 input family(std_input;)
 ->i_fault_address[7] input std_input -> min@0.0 max@1.8 input family(std_input;)
 ->i_fault_address[8] input std_input -> min@0.0 max@1.8 input family(std_input;)
 ->i_fault_address[9] input std_input -> min@0.0 max@1.8 input family(std_input;)
i_fault_status[7:0]~>std_input input std_input
 ->i_fault_status[0] input std_input -> min@0.0 max@1.8 input family(std_input;)
 ->i_fault_status[1] input std_input -> min@0.0 max@1.8 input family(std_input;)
 ->i_fault_status[2] input std_input -> min@0.0 max@1.8 input family(std_input;)
 ->i_fault_status[3] input std_input -> min@0.0 max@1.8 input family(std_input;)
 ->i_fault_status[4] input std_input -> min@0.0 max@1.8 input family(std_input;)
 ->i_fault_status[5] input std_input -> min@0.0 max@1.8 input family(std_input;)
 ->i_fault_status[6] input std_input -> min@0.0 max@1.8 input family(std_input;)
 ->i_fault_status[7] input std_input -> min@0.0 max@1.8 input family(std_input;)
> expected values
> macros
 #define std_input min@VGND max@VPWR -> min@0.0 max@1.8
Power List> end

CVC: Linking devices...
Usage EQUIV: Time: 0  Memory: 10024  I/O: 168  Swap: 0
Power nets 103
Hash dump:parameter->resistance map
Contains 53 buckets, 28 elements
Element count 0, 31
Element count 1, 16
Element count 2, 6
Unused hash: 0.58, average depth 1.43
Hash dump:text->circuit map
Contains 337 buckets, 438 elements
Element count 0, 81
Element count 1, 125
Element count 2, 88
Element count 3, 35
Element count 4, 8
Unused hash: 0.24, average depth 2.10
Hash dump:string->text map
Contains 3209 buckets, 5008 elements
Element count 0, 669
Element count 1, 1073
Element count 2, 820
Element count 3, 385
Element count 4, 189
Element count 5, 56
Element count 6, 15
Element count 7, 2
Unused hash: 0.21, average depth 2.57
CVC: Shorting non conducting resistors...
CVC: Calculating resistor voltages...
Usage RES: Time: 0  Memory: 10024  I/O: 168  Swap: 0
Power nets 103
CVC: Calculating min/max voltages...
Processing trivial nets found 1725 trivial nets
CVC: Ignoring invalid calculations...
CVC:   Removed 0 calculations
Copying master nets
CVC: Ignoring non-conducting devices...
CVC:   Ignored 0 devices
Usage MIN/MAX1: Time: 0  Memory: 10024  I/O: 176  Swap: 0
Power nets 1524
! Checking forward bias diode errors: 

! Checking nmos source/drain vs bias errors: 

! Checking nmos gate vs source errors: 

! Checking pmos source/drain vs bias errors: 

! Checking pmos gate vs source errors: 

Usage ERROR: Time: 0  Memory: 10024  I/O: 176  Swap: 0
CVC: Propagating Simulation voltages 1...
Usage SIM1: Time: 0  Memory: 10288  I/O: 176  Swap: 0
Power nets 1524
CVC: Propagating Simulation voltages 3...
Usage SIM2: Time: 0  Memory: 10288  I/O: 176  Swap: 0
Power nets 1524
Added 0 latch voltages
CVC: Calculating min/max voltages...
Processing trivial nets found 1725 trivial nets
CVC: Ignoring invalid calculations...
CVC:   Removed 0 calculations
Copying master nets
CVC: Ignoring non-conducting devices...
CVC:   Ignored 0 devices
Usage MIN/MAX2: Time: 0  Memory: 10288  I/O: 176  Swap: 0
Power nets 2945
! Checking overvoltage errors

! Checking nmos possible leak errors: 

! Checking pmos possible leak errors: 

! Checking mos floating input errors:

! Checking expected values:

CVC: Error Counts
CVC: Fuse Problems:         0
CVC: Min Voltage Conflicts: 0
CVC: Max Voltage Conflicts: 0
CVC: Leaks:                 0
CVC: LDD drain->source:     0
CVC: HI-Z Inputs:           0
CVC: Forward Bias Diodes:   0
CVC: NMOS Source vs Bulk:   0
CVC: NMOS Gate vs Source:   0
CVC: NMOS Possible Leaks:   0
CVC: PMOS Source vs Bulk:   0
CVC: PMOS Gate vs Source:   0
CVC: PMOS Possible Leaks:   0
CVC: Overvoltage-VBG:       0
CVC: Overvoltage-VBS:       0
CVC: Overvoltage-VDS:       0
CVC: Overvoltage-VGS:       0
CVC: Unexpected voltage :   0
CVC: Total:                 0
Usage Total: Time: 0  Memory: 10832  I/O: 208  Swap: 0
Virtual net update/access 32704/1050864
CVC: Log output to /openLANE_flow/designs/a25_coprocessor/runs/second_trial_run/results/cvc/cvc_a25_coprocessor.log
CVC: End: Mon Apr 12 08:27:03 2021

