Sun Apr 11 17:09:40 UTC 2021 - Executing "python3 /openLANE_flow/scripts/extract_metal_layers.py -t /home/ubuntu/openlane/pdks/sky130A/libs.ref/sky130_fd_sc_hd/techlef/sky130_fd_sc_hd.tlef -o /openLANE_flow/designs/a25_coprocessor/runs/first_trial_run/tmp/met_layers_list.txt"

Sun Apr 11 17:09:40 UTC 2021 - Executing "/openLANE_flow/scripts/mergeLef.py -i /home/ubuntu/openlane/pdks/sky130A/libs.ref/sky130_fd_sc_hd/techlef/sky130_fd_sc_hd.tlef {/home/ubuntu/openlane/pdks/sky130A/libs.ref/sky130_fd_sc_hd/lef/sky130_ef_sc_hd__fill_12.lef /home/ubuntu/openlane/pdks/sky130A/libs.ref/sky130_fd_sc_hd/lef/sky130_ef_sc_hd__decap_12.lef /home/ubuntu/openlane/pdks/sky130A/libs.ref/sky130_fd_sc_hd/lef/sky130_fd_sc_hd.lef /home/ubuntu/openlane/pdks/sky130A/libs.ref/sky130_fd_sc_hd/lef/sky130_ef_sc_hd__fakediode_2.lef} -o /openLANE_flow/designs/a25_coprocessor/runs/first_trial_run/tmp/merged_unpadded.lef |& tee >&@stdout"

Sun Apr 11 17:09:41 UTC 2021 - Executing "/openLANE_flow/scripts/libtrim.pl /home/ubuntu/openlane/pdks/sky130A/libs.ref/sky130_fd_sc_hd/lib/sky130_fd_sc_hd__tt_025C_1v80.lib /openLANE_flow/designs/a25_coprocessor/runs/first_trial_run/tmp/trimmed.lib.exclude.list > /openLANE_flow/designs/a25_coprocessor/runs/first_trial_run/tmp/trimmed.lib"

Sun Apr 11 17:09:41 UTC 2021 - Executing "echo {openlane v0.12-4-g3f66c6e} > /openLANE_flow/designs/a25_coprocessor/runs/first_trial_run/OPENLANE_VERSION"

Sun Apr 11 17:09:41 UTC 2021 - Executing "sed -E {s/^([[:space:]]+)pg_pin(.*)/\1pin\2\n\1    direction : "inout";/g} /home/ubuntu/openlane/pdks/sky130A/libs.ref/sky130_fd_sc_hd/lib/sky130_fd_sc_hd__tt_025C_1v80.lib > /openLANE_flow/designs/a25_coprocessor/runs/first_trial_run/tmp/sky130_fd_sc_hd__tt_025C_1v80.no_pg.lib"

Sun Apr 11 17:09:41 UTC 2021 - Executing "yosys -c /openLANE_flow/scripts/synth.tcl -l /openLANE_flow/designs/a25_coprocessor/runs/first_trial_run/logs/synthesis/1-yosys.log |& tee >&@stdout"

Sun Apr 11 17:09:43 UTC 2021 - Executing "sed -i -e {s/\(set ::env(CURRENT_NETLIST)\).*/\1 \/openLANE_flow\/designs\/a25_coprocessor\/runs\/first_trial_run\/results\/synthesis\/a25_coprocessor.synthesis.v/} /openLANE_flow/designs/a25_coprocessor/runs/first_trial_run/config.tcl"

Sun Apr 11 17:09:43 UTC 2021 - Executing "sed -i -e {s/\(set ::env(PREV_NETLIST)\).*/\1 0/} /openLANE_flow/designs/a25_coprocessor/runs/first_trial_run/config.tcl"

Sun Apr 11 17:09:43 UTC 2021 - Executing "sed -i /defparam/d /openLANE_flow/designs/a25_coprocessor/runs/first_trial_run/results/synthesis/a25_coprocessor.synthesis.v"

Sun Apr 11 17:09:43 UTC 2021 - Executing "sta /openLANE_flow/scripts/sta.tcl |& tee >&@stdout /openLANE_flow/designs/a25_coprocessor/runs/first_trial_run/logs/synthesis/2-opensta"

Sun Apr 11 17:09:44 UTC 2021 - Executing "openroad -exit /openLANE_flow/scripts/openroad/or_floorplan.tcl |& tee >&@stdout /openLANE_flow/designs/a25_coprocessor/runs/first_trial_run/logs/floorplan/3-verilog2def.openroad.log"

Sun Apr 11 17:09:46 UTC 2021 - Executing "openroad -exit /openLANE_flow/scripts/openroad/or_ioplacer.tcl |& tee >&@stdout /openLANE_flow/designs/a25_coprocessor/runs/first_trial_run/logs/floorplan/4-ioPlacer.log"

Sun Apr 11 17:09:47 UTC 2021 - Executing "openroad -exit /openLANE_flow/scripts/openroad/or_tapcell.tcl |& tee >&@stdout /openLANE_flow/designs/a25_coprocessor/runs/first_trial_run/logs/floorplan/5-tapcell.log"

Sun Apr 11 17:09:49 UTC 2021 - Executing "bash /openLANE_flow/scripts/klayout/scrotLayout.sh /home/ubuntu/openlane/pdks/sky130A/libs.tech/klayout/sky130A.lyt /openLANE_flow/designs/a25_coprocessor/runs/first_trial_run/results/floorplan/a25_coprocessor.floorplan.def |& tee >&@stdout /openLANE_flow/designs/a25_coprocessor/runs/first_trial_run/logs/klayout/6-klayout.scrot.log"

Sun Apr 11 17:09:53 UTC 2021 - Executing "openroad -exit /openLANE_flow/scripts/openroad/or_pdn.tcl |& tee >&@stdout /openLANE_flow/designs/a25_coprocessor/runs/first_trial_run/logs/floorplan/7-pdn.log"

Sun Apr 11 17:09:55 UTC 2021 - Executing "openroad -exit /openLANE_flow/scripts/openroad/or_replace.tcl |& tee >&@stdout /openLANE_flow/designs/a25_coprocessor/runs/first_trial_run/logs/placement/8-replace.log"

Sun Apr 11 17:10:03 UTC 2021 - Executing "openroad -exit /openLANE_flow/scripts/openroad/or_resizer.tcl |& tee >&@stdout /openLANE_flow/designs/a25_coprocessor/runs/first_trial_run/logs/placement/8-resizer.log"

Sun Apr 11 17:10:10 UTC 2021 - Executing "openroad -exit /openLANE_flow/scripts/openroad/or_write_verilog.tcl |& tee >&@stdout /openLANE_flow/designs/a25_coprocessor/runs/first_trial_run/logs/9-write_verilog.log"

Sun Apr 11 17:10:12 UTC 2021 - Executing "sed -i -e {s/\(set ::env(CURRENT_NETLIST)\).*/\1 \/openLANE_flow\/designs\/a25_coprocessor\/runs\/first_trial_run\/results\/synthesis\/a25_coprocessor.synthesis_optimized.v/} /openLANE_flow/designs/a25_coprocessor/runs/first_trial_run/config.tcl"

Sun Apr 11 17:10:12 UTC 2021 - Executing "sed -i -e {s/\(set ::env(PREV_NETLIST)\).*/\1 \/openLANE_flow\/designs\/a25_coprocessor\/runs\/first_trial_run\/results\/synthesis\/a25_coprocessor.synthesis.v/} /openLANE_flow/designs/a25_coprocessor/runs/first_trial_run/config.tcl"

Sun Apr 11 17:10:12 UTC 2021 - Executing "sta /openLANE_flow/scripts/sta.tcl |& tee >&@stdout /openLANE_flow/designs/a25_coprocessor/runs/first_trial_run/logs/synthesis/10-opensta_post_resizer"

Sun Apr 11 17:10:13 UTC 2021 - Executing "openroad -exit /openLANE_flow/scripts/openroad/or_opendp.tcl |& tee >&@stdout /openLANE_flow/designs/a25_coprocessor/runs/first_trial_run/logs/placement/11-opendp.log"

Sun Apr 11 17:10:14 UTC 2021 - Executing "python3 /openLANE_flow/report_generation_wrapper.py -d /openLANE_flow/designs/a25_coprocessor -dn a25_coprocessor -t first_trial_run -o /openLANE_flow/designs/a25_coprocessor/runs/first_trial_run/reports/final_summary_report.csv -m /openLANE_flow/designs/a25_coprocessor/runs/first_trial_run/reports/manufacturability_report.rpt -rs /openLANE_flow/designs/a25_coprocessor/runs/first_trial_run/reports/runtime_summary_report.rpt -r /openLANE_flow/designs/a25_coprocessor/runs/first_trial_run"

